2026-03-06 09:35:39,707 [INFO] main: Starting Crypto Trading System…
2026-03-06 09:35:40,194 [INFO] order_manager: OrderManager connected to Binance Testnet
2026-03-06 09:35:40,200 [INFO] websockets.server: server listening on 0.0.0.0:8765
2026-03-06 09:35:40,200 [INFO] websocket_server: WebSocket server listening on ws://0.0.0.0:8765
2026-03-06 09:35:40,201 [INFO] main: System ready – streaming ['BTCUSDT', 'ETHUSDT']
2026-03-06 09:35:40,216 [INFO] binance_stream_client: Connecting to wss://stream.testnet.binance.vision/stream?streams=btcusdt@trade/ethusdt@trade
2026-03-06 09:35:40,780 [INFO] binance_stream_client: WebSocket connected
2026-03-06 09:36:06,890 [INFO] main: Candle closed: ETHUSDT O=2085.01 H=2085.01 L=2084.45 C=2084.46
2026-03-06 09:36:13,660 [INFO] main: Candle closed: BTCUSDT O=71104.49 H=71104.49 L=71100.00 C=71100.00
2026-03-06 09:37:02,178 [INFO] main: Candle closed: BTCUSDT O=71092.07 H=71092.07 L=71089.99 C=71089.99
2026-03-06 09:37:11,374 [INFO] main: Candle closed: ETHUSDT O=2084.45 H=2084.67 L=2084.18 C=2084.66
2026-03-06 09:38:03,380 [INFO] main: Candle closed: BTCUSDT O=71072.09 H=71072.09 L=71007.25 C=71007.25
2026-03-06 09:38:18,780 [INFO] main: Candle closed: ETHUSDT O=2084.09 H=2084.09 L=2081.93 C=2083.02
2026-03-06 09:39:18,285 [INFO] main: Candle closed: ETHUSDT O=2083.00 H=2083.67 L=2082.99 C=2083.67
2026-03-06 09:39:38,158 [INFO] main: Candle closed: BTCUSDT O=71020.22 H=71034.46 L=71020.22 C=71032.69
2026-03-06 09:40:03,939 [INFO] main: Candle closed: BTCUSDT O=71029.26 H=71029.26 L=70972.30 C=70972.30
2026-03-06 09:40:04,676 [INFO] main: Candle closed: ETHUSDT O=2083.38 H=2083.38 L=2080.34 C=2080.34
2026-03-06 09:41:04,260 [INFO] main: Candle closed: BTCUSDT O=70972.30 H=70972.30 L=70933.23 C=70933.23
2026-03-06 09:41:05,775 [INFO] main: Candle closed: ETHUSDT O=2080.34 H=2080.34 L=2078.80 C=2078.80
2026-03-06 09:42:07,967 [INFO] main: Candle closed: BTCUSDT O=70926.28 H=70941.78 L=70926.27 C=70941.78
2026-03-06 09:42:16,196 [INFO] main: Candle closed: ETHUSDT O=2078.57 H=2079.79 L=2078.56 C=2079.79
2026-03-06 09:43:05,795 [INFO] main: Candle closed: BTCUSDT O=70965.42 H=70965.42 L=70939.35 C=70939.35
2026-03-06 09:43:06,076 [INFO] main: Candle closed: ETHUSDT O=2079.43 H=2079.44 L=2079.37 C=2079.38
2026-03-06 09:44:04,347 [INFO] main: Candle closed: BTCUSDT O=70935.32 H=70935.32 L=70920.89 C=70920.89
2026-03-06 09:44:07,159 [INFO] main: Candle closed: ETHUSDT O=2079.38 H=2079.39 L=2078.66 C=2078.67
2026-03-06 09:45:02,725 [INFO] main: Candle closed: BTCUSDT O=70920.89 H=70920.90 L=70902.22 C=70909.21
2026-03-06 09:45:12,350 [INFO] main: Candle closed: ETHUSDT O=2078.67 H=2078.92 L=2078.19 C=2078.36
2026-03-06 09:46:02,131 [INFO] main: Candle closed: BTCUSDT O=70910.92 H=70920.99 L=70900.00 C=70920.99
2026-03-06 09:46:15,334 [INFO] main: Candle closed: ETHUSDT O=2077.89 H=2078.39 L=2077.69 C=2078.38
2026-03-06 09:47:02,071 [INFO] main: Candle closed: BTCUSDT O=70920.99 H=70948.93 L=70920.99 C=70948.93
2026-03-06 09:47:05,707 [INFO] main: Candle closed: ETHUSDT O=2078.32 H=2078.32 L=2077.88 C=2078.09
2026-03-06 09:48:02,074 [INFO] main: Candle closed: BTCUSDT O=70948.93 H=70965.04 L=70947.19 C=70947.19
2026-03-06 09:48:06,228 [INFO] main: Candle closed: ETHUSDT O=2078.42 H=2078.63 L=2078.42 C=2078.63
2026-03-06 09:49:02,751 [INFO] main: Candle closed: ETHUSDT O=2078.30 H=2078.30 L=2075.48 C=2075.48
2026-03-06 09:49:06,638 [INFO] main: Candle closed: BTCUSDT O=70947.19 H=70947.20 L=70746.80 C=70903.43
2026-03-06 09:50:02,058 [INFO] main: Candle closed: BTCUSDT O=70910.52 H=70926.12 L=70902.72 C=70926.12
2026-03-06 09:50:04,817 [INFO] main: Candle closed: ETHUSDT O=2075.48 H=2077.43 L=2075.48 C=2077.43
2026-03-06 09:51:03,006 [INFO] main: Candle closed: ETHUSDT O=2077.42 H=2078.10 L=2077.42 C=2077.78
2026-03-06 09:51:10,010 [INFO] main: Candle closed: BTCUSDT O=70926.12 H=70936.01 L=70926.12 C=70934.64
2026-03-06 09:52:02,133 [INFO] main: Candle closed: BTCUSDT O=70925.87 H=70925.88 L=70902.38 C=70902.39
2026-03-06 09:52:03,743 [INFO] main: Candle closed: ETHUSDT O=2077.65 H=2077.78 L=2077.22 C=2077.22
2026-03-06 09:53:06,741 [INFO] main: Candle closed: BTCUSDT O=70902.39 H=70925.87 L=70902.38 C=70925.87
2026-03-06 09:53:08,380 [INFO] main: Candle closed: ETHUSDT O=2077.22 H=2077.52 L=2076.45 C=2076.46
2026-03-06 09:54:02,735 [INFO] main: Candle closed: ETHUSDT O=2077.13 H=2077.13 L=2075.70 C=2076.69
2026-03-06 09:54:06,708 [INFO] main: Candle closed: BTCUSDT O=70917.38 H=70917.39 L=70890.89 C=70902.00
2026-03-06 09:55:02,311 [INFO] main: Candle closed: BTCUSDT O=70901.99 H=70977.24 L=70901.99 C=70977.24
2026-03-06 09:55:02,330 [INFO] main: Candle closed: ETHUSDT O=2076.70 H=2079.95 L=2076.70 C=2079.95
2026-03-06 09:56:03,524 [INFO] main: Candle closed: BTCUSDT O=70977.25 H=70977.25 L=70941.08 C=70947.07
2026-03-06 09:56:05,836 [INFO] main: Candle closed: ETHUSDT O=2079.95 H=2079.96 L=2078.60 C=2078.90
2026-03-06 09:57:02,823 [INFO] main: Candle closed: ETHUSDT O=2078.90 H=2079.54 L=2077.47 C=2077.48
2026-03-06 09:57:02,833 [INFO] main: Strategy ETHUSDT: fast_ema=2078.05 slow_ema=2079.13 signal=HOLD
2026-03-06 09:57:03,535 [INFO] main: Candle closed: BTCUSDT O=70951.38 H=70965.43 L=70899.44 C=70899.44
2026-03-06 09:57:03,536 [INFO] main: Strategy BTCUSDT: fast_ema=70930.07 slow_ema=70956.85 signal=HOLD
2026-03-06 09:58:05,195 [INFO] main: Candle closed: BTCUSDT O=70892.00 H=70909.42 L=70871.71 C=70909.42
2026-03-06 09:58:05,196 [INFO] main: Strategy BTCUSDT: fast_ema=70925.94 slow_ema=70952.54 signal=HOLD
2026-03-06 09:58:15,701 [INFO] main: Candle closed: ETHUSDT O=2077.12 H=2077.27 L=2076.54 C=2077.27
2026-03-06 09:58:15,702 [INFO] main: Strategy ETHUSDT: fast_ema=2077.89 slow_ema=2078.96 signal=HOLD
2026-03-06 09:59:02,453 [INFO] main: Candle closed: BTCUSDT O=70909.43 H=70929.14 L=70909.42 C=70929.14
2026-03-06 09:59:02,455 [INFO] main: Strategy BTCUSDT: fast_ema=70926.58 slow_ema=70950.41 signal=HOLD
2026-03-06 09:59:06,765 [INFO] main: Candle closed: ETHUSDT O=2077.26 H=2077.45 L=2077.26 C=2077.45
2026-03-06 09:59:06,766 [INFO] main: Strategy ETHUSDT: fast_ema=2077.80 slow_ema=2078.82 signal=HOLD
2026-03-06 10:00:02,119 [INFO] main: Candle closed: BTCUSDT O=70929.14 H=70936.06 L=70870.00 C=70876.84
2026-03-06 10:00:02,121 [INFO] main: Strategy BTCUSDT: fast_ema=70916.63 slow_ema=70943.72 signal=HOLD
2026-03-06 10:00:02,241 [INFO] main: Candle closed: ETHUSDT O=2077.44 H=2077.45 L=2075.08 C=2075.60
2026-03-06 10:00:02,255 [INFO] main: Strategy ETHUSDT: fast_ema=2077.36 slow_ema=2078.53 signal=HOLD
2026-03-06 10:01:04,597 [INFO] main: Candle closed: ETHUSDT O=2075.59 H=2075.59 L=2073.91 C=2073.91
2026-03-06 10:01:04,599 [INFO] main: Strategy ETHUSDT: fast_ema=2076.67 slow_ema=2078.11 signal=HOLD
2026-03-06 10:01:04,705 [INFO] main: Candle closed: BTCUSDT O=70876.84 H=70876.84 L=70844.83 C=70844.83
2026-03-06 10:01:04,706 [INFO] main: Strategy BTCUSDT: fast_ema=70902.27 slow_ema=70934.73 signal=HOLD
2026-03-06 10:02:05,008 [INFO] main: Candle closed: BTCUSDT O=70844.84 H=70844.84 L=70800.12 C=70800.12
2026-03-06 10:02:05,009 [INFO] main: Strategy BTCUSDT: fast_ema=70881.84 slow_ema=70922.49 signal=HOLD
2026-03-06 10:02:06,322 [INFO] main: Candle closed: ETHUSDT O=2073.92 H=2074.33 L=2073.91 C=2073.91
2026-03-06 10:02:06,323 [INFO] main: Strategy ETHUSDT: fast_ema=2076.12 slow_ema=2077.73 signal=HOLD
2026-03-06 10:03:06,711 [INFO] main: Candle closed: ETHUSDT O=2073.91 H=2073.91 L=2073.25 C=2073.81
2026-03-06 10:03:06,712 [INFO] main: Strategy ETHUSDT: fast_ema=2075.66 slow_ema=2077.37 signal=HOLD
2026-03-06 10:03:16,132 [INFO] main: Candle closed: BTCUSDT O=70800.13 H=70806.95 L=70782.14 C=70782.14
2026-03-06 10:03:16,133 [INFO] main: Strategy BTCUSDT: fast_ema=70861.90 slow_ema=70909.73 signal=HOLD
2026-03-06 10:04:02,081 [INFO] main: Candle closed: ETHUSDT O=2073.82 H=2075.64 L=2073.81 C=2075.62
2026-03-06 10:04:02,083 [INFO] main: Strategy ETHUSDT: fast_ema=2075.65 slow_ema=2077.21 signal=HOLD
2026-03-06 10:04:02,279 [INFO] main: Candle closed: BTCUSDT O=70786.15 H=70861.73 L=70786.15 C=70861.72
2026-03-06 10:04:02,279 [INFO] main: Strategy BTCUSDT: fast_ema=70861.86 slow_ema=70905.37 signal=HOLD
2026-03-06 10:05:02,704 [INFO] main: Candle closed: ETHUSDT O=2075.61 H=2077.09 L=2075.61 C=2076.45
2026-03-06 10:05:02,704 [INFO] main: Strategy ETHUSDT: fast_ema=2075.81 slow_ema=2077.14 signal=HOLD
2026-03-06 10:05:14,395 [INFO] main: Candle closed: BTCUSDT O=70862.96 H=70918.92 L=70862.96 C=70901.51
2026-03-06 10:05:14,395 [INFO] main: Strategy BTCUSDT: fast_ema=70869.79 slow_ema=70905.02 signal=HOLD
2026-03-06 10:06:02,694 [INFO] main: Candle closed: BTCUSDT O=70906.61 H=70906.61 L=70889.99 C=70889.99
2026-03-06 10:06:02,695 [INFO] main: Strategy BTCUSDT: fast_ema=70873.83 slow_ema=70903.65 signal=HOLD
2026-03-06 10:06:05,890 [INFO] main: Candle closed: ETHUSDT O=2076.45 H=2076.49 L=2075.69 C=2075.75
2026-03-06 10:06:05,891 [INFO] main: Strategy ETHUSDT: fast_ema=2075.80 slow_ema=2077.02 signal=HOLD
2026-03-06 10:07:03,703 [INFO] main: Candle closed: BTCUSDT O=70888.61 H=70888.61 L=70820.62 C=70820.62
2026-03-06 10:07:03,715 [INFO] main: Strategy BTCUSDT: fast_ema=70863.19 slow_ema=70896.10 signal=HOLD
2026-03-06 10:07:04,904 [INFO] main: Candle closed: ETHUSDT O=2075.74 H=2075.74 L=2074.19 C=2074.19
2026-03-06 10:07:04,906 [INFO] main: Strategy ETHUSDT: fast_ema=2075.48 slow_ema=2076.76 signal=HOLD
2026-03-06 10:07:48,755 [INFO] websockets.server: server closing
2026-03-06 10:07:48,756 [INFO] websockets.server: server closed
2026-03-06 10:08:57,413 [INFO] main: Starting Crypto Trading System…
2026-03-06 10:08:58,089 [INFO] order_manager: OrderManager connected to Binance Testnet
2026-03-06 10:08:58,095 [INFO] websockets.server: server listening on 0.0.0.0:8765
2026-03-06 10:08:58,096 [INFO] websocket_server: WebSocket server listening on ws://0.0.0.0:8765
2026-03-06 10:08:58,096 [INFO] main: System ready – streaming ['BTCUSDT', 'ETHUSDT']
2026-03-06 10:08:58,105 [INFO] binance_stream_client: Connecting to wss://stream.testnet.binance.vision/stream?streams=btcusdt@trade/ethusdt@trade
2026-03-06 10:08:58,644 [INFO] binance_stream_client: WebSocket connected
2026-03-06 10:09:03,961 [INFO] main: Candle closed: ETHUSDT O=2072.07 H=2072.07 L=2072.07 C=2072.07
2026-03-06 10:10:02,553 [INFO] main: Candle closed: ETHUSDT O=2071.85 H=2071.85 L=2070.52 C=2070.52
2026-03-06 10:10:06,236 [INFO] main: Candle closed: BTCUSDT O=70756.56 H=70756.56 L=70718.84 C=70721.20
2026-03-06 10:11:02,898 [INFO] main: Candle closed: ETHUSDT O=2070.20 H=2070.25 L=2064.89 C=2064.89
2026-03-06 10:11:03,183 [INFO] main: Candle closed: BTCUSDT O=70721.20 H=70722.72 L=70508.93 C=70508.93
2026-03-06 10:12:02,694 [INFO] main: Candle closed: BTCUSDT O=70508.94 H=70508.94 L=70307.36 C=70383.41
2026-03-06 10:12:02,702 [INFO] main: Candle closed: ETHUSDT O=2064.89 H=2064.90 L=2060.03 C=2061.94
2026-03-06 10:13:02,102 [INFO] main: Candle closed: ETHUSDT O=2061.95 H=2065.93 L=2061.95 C=2065.46
2026-03-06 10:13:02,683 [INFO] main: Candle closed: BTCUSDT O=70383.41 H=70518.42 L=70383.41 C=70438.60
2026-03-06 10:14:02,357 [INFO] main: Candle closed: BTCUSDT O=70432.46 H=70479.30 L=70432.45 C=70461.98
2026-03-06 10:14:03,678 [INFO] main: Candle closed: ETHUSDT O=2064.93 H=2066.18 L=2064.92 C=2065.67
2026-03-06 10:14:03,679 [INFO] main: Strategy ETHUSDT: fast_ema=2065.45 slow_ema=2066.16 signal=HOLD
2026-03-06 10:15:02,075 [INFO] main: Candle closed: BTCUSDT O=70461.99 H=70528.30 L=70461.98 C=70518.85
2026-03-06 10:15:02,076 [INFO] main: Strategy BTCUSDT: fast_ema=70492.15 slow_ema=70506.94 signal=HOLD
2026-03-06 10:15:03,256 [INFO] main: Candle closed: ETHUSDT O=2065.67 H=2068.57 L=2065.67 C=2068.08
2026-03-06 10:15:03,257 [INFO] main: Strategy ETHUSDT: fast_ema=2066.77 slow_ema=2066.80 signal=HOLD
2026-03-06 10:16:02,383 [INFO] main: Candle closed: BTCUSDT O=70518.85 H=70572.34 L=70488.51 C=70572.34
2026-03-06 10:16:02,385 [INFO] main: Strategy BTCUSDT: fast_ema=70532.24 slow_ema=70528.74 signal=BUY
2026-03-06 10:16:02,385 [INFO] main: Opening BUY BTCUSDT variant A @ 70572.34
2026-03-06 10:16:02,829 [INFO] main: Opening BUY BTCUSDT variant B @ 70572.34
2026-03-06 10:16:05,570 [INFO] main: Candle closed: ETHUSDT O=2069.00 H=2069.99 L=2068.59 C=2069.99
2026-03-06 10:16:05,571 [INFO] main: Strategy ETHUSDT: fast_ema=2068.38 slow_ema=2067.86 signal=BUY
2026-03-06 10:16:05,571 [INFO] main: Opening BUY ETHUSDT variant A @ 2069.99
2026-03-06 10:16:05,855 [INFO] main: Opening BUY ETHUSDT variant B @ 2069.99
2026-03-06 10:17:04,196 [INFO] main: Candle closed: BTCUSDT O=70572.34 H=70572.34 L=70502.54 C=70506.56
2026-03-06 10:17:04,197 [INFO] main: Strategy BTCUSDT: fast_ema=70519.40 slow_ema=70521.35 signal=SELL
2026-03-06 10:17:05,647 [INFO] main: Candle closed: ETHUSDT O=2069.99 H=2070.00 L=2067.69 C=2067.95
2026-03-06 10:17:05,647 [INFO] main: Strategy ETHUSDT: fast_ema=2068.16 slow_ema=2067.89 signal=HOLD
2026-03-06 10:18:03,118 [INFO] main: Candle closed: ETHUSDT O=2068.61 H=2069.73 L=2068.60 C=2069.73
2026-03-06 10:18:03,120 [INFO] main: Strategy ETHUSDT: fast_ema=2068.95 slow_ema=2068.50 signal=HOLD
2026-03-06 10:18:06,299 [INFO] main: Candle closed: BTCUSDT O=70506.56 H=70573.89 L=70506.56 C=70573.89
2026-03-06 10:18:06,300 [INFO] main: Strategy BTCUSDT: fast_ema=70546.65 slow_ema=70538.86 signal=BUY
2026-03-06 10:19:03,943 [INFO] main: Candle closed: ETHUSDT O=2069.73 H=2069.73 L=2068.08 C=2068.09
2026-03-06 10:19:03,946 [INFO] main: Strategy ETHUSDT: fast_ema=2068.52 slow_ema=2068.37 signal=HOLD
2026-03-06 10:19:11,019 [INFO] main: Candle closed: BTCUSDT O=70573.88 H=70573.89 L=70521.70 C=70521.71
2026-03-06 10:19:11,020 [INFO] main: Strategy BTCUSDT: fast_ema=70534.18 slow_ema=70533.14 signal=HOLD
